mode: atomic
github.com/cosmo0920/fluent-bit-go-loki/loki.go:27.104,30.15 3 5
github.com/cosmo0920/fluent-bit-go-loki/loki.go:33.2,34.16 2 5
github.com/cosmo0920/fluent-bit-go-loki/loki.go:37.2,40.35 3 4
github.com/cosmo0920/fluent-bit-go-loki/loki.go:43.2,46.35 3 4
github.com/cosmo0920/fluent-bit-go-loki/loki.go:49.2,52.18 3 4
github.com/cosmo0920/fluent-bit-go-loki/loki.go:58.2,60.39 3 4
github.com/cosmo0920/fluent-bit-go-loki/loki.go:63.2,65.16 2 4
github.com/cosmo0920/fluent-bit-go-loki/loki.go:30.15,32.3 1 3
github.com/cosmo0920/fluent-bit-go-loki/loki.go:34.16,36.3 1 1
github.com/cosmo0920/fluent-bit-go-loki/loki.go:40.35,42.3 1 2
github.com/cosmo0920/fluent-bit-go-loki/loki.go:46.35,48.3 1 2
github.com/cosmo0920/fluent-bit-go-loki/loki.go:52.18,56.3 1 2
github.com/cosmo0920/fluent-bit-go-loki/loki.go:60.39,62.3 1 5
github.com/cosmo0920/fluent-bit-go-loki/out_loki.go:34.79,36.2 1 0
github.com/cosmo0920/fluent-bit-go-loki/out_loki.go:38.55,40.2 1 0
github.com/cosmo0920/fluent-bit-go-loki/out_loki.go:42.106,44.2 1 0
github.com/cosmo0920/fluent-bit-go-loki/out_loki.go:46.87,48.2 1 0
github.com/cosmo0920/fluent-bit-go-loki/out_loki.go:50.39,52.2 1 0
github.com/cosmo0920/fluent-bit-go-loki/out_loki.go:54.94,56.2 1 0
github.com/cosmo0920/fluent-bit-go-loki/out_loki.go:59.48,61.2 1 0
github.com/cosmo0920/fluent-bit-go-loki/out_loki.go:66.44,74.16 6 1
github.com/cosmo0920/fluent-bit-go-loki/out_loki.go:79.2,96.16 12 1
github.com/cosmo0920/fluent-bit-go-loki/out_loki.go:102.2,104.22 2 1
github.com/cosmo0920/fluent-bit-go-loki/out_loki.go:74.16,78.3 3 0
github.com/cosmo0920/fluent-bit-go-loki/out_loki.go:96.16,101.3 4 0
github.com/cosmo0920/fluent-bit-go-loki/out_loki.go:108.73,115.6 5 1
github.com/cosmo0920/fluent-bit-go-loki/out_loki.go:155.2,155.22 1 1
github.com/cosmo0920/fluent-bit-go-loki/out_loki.go:115.6,117.15 2 4
github.com/cosmo0920/fluent-bit-go-loki/out_loki.go:122.3,123.25 2 3
github.com/cosmo0920/fluent-bit-go-loki/out_loki.go:133.3,134.17 2 3
github.com/cosmo0920/fluent-bit-go-loki/out_loki.go:139.3,140.17 2 3
github.com/cosmo0920/fluent-bit-go-loki/out_loki.go:145.3,147.35 3 3
github.com/cosmo0920/fluent-bit-go-loki/out_loki.go:117.15,118.9 1 1
github.com/cosmo0920/fluent-bit-go-loki/out_loki.go:124.23,125.40 1 1
github.com/cosmo0920/fluent-bit-go-loki/out_loki.go:126.15,127.38 1 1
github.com/cosmo0920/fluent-bit-go-loki/out_loki.go:128.11,130.26 2 1
github.com/cosmo0920/fluent-bit-go-loki/out_loki.go:134.17,136.12 2 0
github.com/cosmo0920/fluent-bit-go-loki/out_loki.go:140.17,143.4 2 0
github.com/cosmo0920/fluent-bit-go-loki/out_loki.go:158.69,161.27 2 4
github.com/cosmo0920/fluent-bit-go-loki/out_loki.go:171.2,172.16 2 4
github.com/cosmo0920/fluent-bit-go-loki/out_loki.go:178.2,178.24 1 4
github.com/cosmo0920/fluent-bit-go-loki/out_loki.go:161.27,162.24 1 5
github.com/cosmo0920/fluent-bit-go-loki/out_loki.go:163.15,165.29 1 0
github.com/cosmo0920/fluent-bit-go-loki/out_loki.go:166.11,167.21 1 5
github.com/cosmo0920/fluent-bit-go-loki/out_loki.go:172.16,176.3 3 0
github.com/cosmo0920/fluent-bit-go-loki/out_loki.go:182.26,185.2 2 0
github.com/cosmo0920/fluent-bit-go-loki/out_loki.go:187.14,188.2 0 0
